<?xml version="1.0" encoding="UTF-8" standalone="yes" ?>
<test-results name="C:\Development\Estudos\clean-architeture-delphi\Applications\Test\Win32\Debug\LocacaoTeste.exe" total="4" errors="0" failures="0" ignored="0" inconclusive="0" not-run="0" skipped="0" invalid="0" date="2024-05-20" time="0.044">
  <culture-info current-culture="en" current-uiculture="en" />
  <test-suite type="Assembly" name="LocacaoTeste.exe" executed="true" result="Success" success="True" time="0.044" asserts="0">
    <results>
        <test-suite type="Namespace" name="UTestUseCaseCliente" executed="true" result="Success" success="True" time="0.043" asserts="0" >
          <results>
              <test-suite type="Fixture" name="TTestUseCaseCliente" executed="True" result="Success" success="True" time="0.043" >
                <results>
                  <test-case name="CadastrarCliente" executed="True" result="Success" success="True" time="0.000" asserts="0" />
                  <test-case name="AlterarCliente" executed="True" result="Success" success="True" time="0.000" asserts="0" />
                  <test-case name="ValiadarNomeCliente" executed="True" result="Success" success="True" time="0.000" asserts="0" />
                  <test-case name="ValiadarDocumentoCliente" executed="True" result="Success" success="True" time="0.000" asserts="0" />
                </results>
              </test-suite>
          </results>
        </test-suite>
    </results>
  </test-suite>
</test-results>
